{"/Users/chris/Dev/Personal/MenuDemo/app/components/menuItem.js": {"path":"/Users/chris/Dev/Personal/MenuDemo/app/components/menuItem.js","statementMap":{"0":{"start":{"line":5,"column":17},"end":{"line":18,"column":1}},"1":{"start":{"line":6,"column":21},"end":{"line":6,"column":26}},"2":{"start":{"line":7,"column":4},"end":{"line":17,"column":5}},"3":{"start":{"line":20,"column":22},"end":{"line":32,"column":2}}},"fnMap":{"0":{"name":"(anonymous_0)","decl":{"start":{"line":5,"column":17},"end":{"line":5,"column":18}},"loc":{"start":{"line":5,"column":28},"end":{"line":18,"column":1}},"line":5}},"branchMap":{},"s":{"0":1,"1":1,"2":1,"3":1},"f":{"0":1},"b":{},"_coverageSchema":"1a1c01bbd47fc00a2c39e90264f33305004495a9","hash":"51dcae261dd1c5ad836c9d8133546a4f0e56891f"}
,"/Users/chris/Dev/Personal/MenuDemo/app/screens/editMenuItem.js": {"path":"/Users/chris/Dev/Personal/MenuDemo/app/screens/editMenuItem.js","statementMap":{"0":{"start":{"line":7,"column":17},"end":{"line":108,"column":1}},"1":{"start":{"line":8,"column":30},"end":{"line":8,"column":42}},"2":{"start":{"line":9,"column":30},"end":{"line":9,"column":42}},"3":{"start":{"line":10,"column":42},"end":{"line":10,"column":54}},"4":{"start":{"line":11,"column":38},"end":{"line":11,"column":129}},"5":{"start":{"line":12,"column":21},"end":{"line":12,"column":34}},"6":{"start":{"line":14,"column":17},"end":{"line":14,"column":29}},"7":{"start":{"line":15,"column":4},"end":{"line":22,"column":10}},"8":{"start":{"line":16,"column":8},"end":{"line":21,"column":9}},"9":{"start":{"line":17,"column":12},"end":{"line":17,"column":37}},"10":{"start":{"line":18,"column":12},"end":{"line":18,"column":37}},"11":{"start":{"line":19,"column":12},"end":{"line":19,"column":49}},"12":{"start":{"line":20,"column":12},"end":{"line":20,"column":41}},"13":{"start":{"line":24,"column":26},"end":{"line":38,"column":5}},"14":{"start":{"line":25,"column":8},"end":{"line":37,"column":9}},"15":{"start":{"line":31,"column":24},"end":{"line":31,"column":59}},"16":{"start":{"line":32,"column":24},"end":{"line":32,"column":43}},"17":{"start":{"line":40,"column":28},"end":{"line":50,"column":5}},"18":{"start":{"line":41,"column":28},"end":{"line":47,"column":9}},"19":{"start":{"line":48,"column":8},"end":{"line":48,"column":42}},"20":{"start":{"line":49,"column":8},"end":{"line":49,"column":27}},"21":{"start":{"line":52,"column":26},"end":{"line":63,"column":5}},"22":{"start":{"line":53,"column":32},"end":{"line":59,"column":9}},"23":{"start":{"line":61,"column":8},"end":{"line":61,"column":49}},"24":{"start":{"line":62,"column":8},"end":{"line":62,"column":27}},"25":{"start":{"line":66,"column":25},"end":{"line":77,"column":5}},"26":{"start":{"line":67,"column":29},"end":{"line":69,"column":9}},"27":{"start":{"line":71,"column":28},"end":{"line":75,"column":9}},"28":{"start":{"line":72,"column":12},"end":{"line":74,"column":13}},"29":{"start":{"line":73,"column":16},"end":{"line":73,"column":52}},"30":{"start":{"line":76,"column":8},"end":{"line":76,"column":77}},"31":{"start":{"line":76,"column":55},"end":{"line":76,"column":76}},"32":{"start":{"line":79,"column":4},"end":{"line":107,"column":5}},"33":{"start":{"line":81,"column":45},"end":{"line":81,"column":59}},"34":{"start":{"line":91,"column":39},"end":{"line":91,"column":54}},"35":{"start":{"line":96,"column":39},"end":{"line":96,"column":54}},"36":{"start":{"line":102,"column":35},"end":{"line":102,"column":52}},"37":{"start":{"line":110,"column":15},"end":{"line":121,"column":2}}},"fnMap":{"0":{"name":"(anonymous_0)","decl":{"start":{"line":7,"column":17},"end":{"line":7,"column":18}},"loc":{"start":{"line":7,"column":44},"end":{"line":108,"column":1}},"line":7},"1":{"name":"(anonymous_1)","decl":{"start":{"line":15,"column":14},"end":{"line":15,"column":15}},"loc":{"start":{"line":15,"column":20},"end":{"line":22,"column":5}},"line":15},"2":{"name":"(anonymous_2)","decl":{"start":{"line":24,"column":26},"end":{"line":24,"column":27}},"loc":{"start":{"line":24,"column":32},"end":{"line":38,"column":5}},"line":24},"3":{"name":"(anonymous_3)","decl":{"start":{"line":30,"column":45},"end":{"line":30,"column":46}},"loc":{"start":{"line":30,"column":51},"end":{"line":33,"column":21}},"line":30},"4":{"name":"(anonymous_4)","decl":{"start":{"line":40,"column":28},"end":{"line":40,"column":29}},"loc":{"start":{"line":40,"column":34},"end":{"line":50,"column":5}},"line":40},"5":{"name":"(anonymous_5)","decl":{"start":{"line":52,"column":26},"end":{"line":52,"column":27}},"loc":{"start":{"line":52,"column":32},"end":{"line":63,"column":5}},"line":52},"6":{"name":"(anonymous_6)","decl":{"start":{"line":66,"column":25},"end":{"line":66,"column":26}},"loc":{"start":{"line":66,"column":31},"end":{"line":77,"column":5}},"line":66},"7":{"name":"(anonymous_7)","decl":{"start":{"line":71,"column":28},"end":{"line":71,"column":29}},"loc":{"start":{"line":71,"column":42},"end":{"line":75,"column":9}},"line":71},"8":{"name":"(anonymous_8)","decl":{"start":{"line":76,"column":41},"end":{"line":76,"column":42}},"loc":{"start":{"line":76,"column":55},"end":{"line":76,"column":76}},"line":76},"9":{"name":"(anonymous_9)","decl":{"start":{"line":81,"column":39},"end":{"line":81,"column":40}},"loc":{"start":{"line":81,"column":45},"end":{"line":81,"column":59}},"line":81},"10":{"name":"(anonymous_10)","decl":{"start":{"line":91,"column":33},"end":{"line":91,"column":34}},"loc":{"start":{"line":91,"column":39},"end":{"line":91,"column":54}},"line":91},"11":{"name":"(anonymous_11)","decl":{"start":{"line":96,"column":33},"end":{"line":96,"column":34}},"loc":{"start":{"line":96,"column":39},"end":{"line":96,"column":54}},"line":96},"12":{"name":"(anonymous_12)","decl":{"start":{"line":102,"column":29},"end":{"line":102,"column":30}},"loc":{"start":{"line":102,"column":35},"end":{"line":102,"column":52}},"line":102}},"branchMap":{"0":{"loc":{"start":{"line":16,"column":8},"end":{"line":21,"column":9}},"type":"if","locations":[{"start":{"line":16,"column":8},"end":{"line":21,"column":9}},{"start":{"line":16,"column":8},"end":{"line":21,"column":9}}],"line":16},"1":{"loc":{"start":{"line":72,"column":12},"end":{"line":74,"column":13}},"type":"if","locations":[{"start":{"line":72,"column":12},"end":{"line":74,"column":13}},{"start":{"line":72,"column":12},"end":{"line":74,"column":13}}],"line":72},"2":{"loc":{"start":{"line":87,"column":13},"end":{"line":104,"column":18}},"type":"cond-expr","locations":[{"start":{"line":88,"column":16},"end":{"line":98,"column":19}},{"start":{"line":100,"column":16},"end":{"line":104,"column":18}}],"line":87}},"s":{"0":1,"1":3,"2":3,"3":3,"4":3,"5":3,"6":3,"7":3,"8":2,"9":1,"10":1,"11":1,"12":1,"13":3,"14":0,"15":0,"16":0,"17":3,"18":0,"19":0,"20":0,"21":3,"22":0,"23":0,"24":0,"25":3,"26":0,"27":0,"28":0,"29":0,"30":0,"31":0,"32":3,"33":0,"34":0,"35":0,"36":0,"37":1},"f":{"0":3,"1":2,"2":0,"3":0,"4":0,"5":0,"6":0,"7":0,"8":0,"9":0,"10":0,"11":0,"12":0},"b":{"0":[1,1],"1":[0,0],"2":[2,1]},"_coverageSchema":"1a1c01bbd47fc00a2c39e90264f33305004495a9","hash":"8b8598a9e0671c65d3d34ef86c65f5e8d0ed2268"}
,"/Users/chris/Dev/Personal/MenuDemo/app/screens/existingMenu.js": {"path":"/Users/chris/Dev/Personal/MenuDemo/app/screens/existingMenu.js","statementMap":{"0":{"start":{"line":8,"column":22},"end":{"line":36,"column":1}},"1":{"start":{"line":9,"column":23},"end":{"line":9,"column":38}},"2":{"start":{"line":10,"column":17},"end":{"line":10,"column":51}},"3":{"start":{"line":10,"column":40},"end":{"line":10,"column":50}},"4":{"start":{"line":11,"column":18},"end":{"line":11,"column":47}},"5":{"start":{"line":11,"column":41},"end":{"line":11,"column":46}},"6":{"start":{"line":12,"column":4},"end":{"line":12,"column":31}},"7":{"start":{"line":13,"column":4},"end":{"line":35,"column":5}},"8":{"start":{"line":16,"column":31},"end":{"line":16,"column":64}},"9":{"start":{"line":23,"column":24},"end":{"line":25,"column":43}},"10":{"start":{"line":23,"column":57},"end":{"line":23,"column":105}},"11":{"start":{"line":27,"column":42},"end":{"line":27,"column":49}}},"fnMap":{"0":{"name":"(anonymous_0)","decl":{"start":{"line":8,"column":22},"end":{"line":8,"column":23}},"loc":{"start":{"line":8,"column":28},"end":{"line":36,"column":1}},"line":8},"1":{"name":"(anonymous_1)","decl":{"start":{"line":10,"column":29},"end":{"line":10,"column":30}},"loc":{"start":{"line":10,"column":40},"end":{"line":10,"column":50}},"line":10},"2":{"name":"(anonymous_2)","decl":{"start":{"line":11,"column":30},"end":{"line":11,"column":31}},"loc":{"start":{"line":11,"column":41},"end":{"line":11,"column":46}},"line":11},"3":{"name":"(anonymous_3)","decl":{"start":{"line":16,"column":25},"end":{"line":16,"column":26}},"loc":{"start":{"line":16,"column":31},"end":{"line":16,"column":64}},"line":16},"4":{"name":"(anonymous_4)","decl":{"start":{"line":22,"column":32},"end":{"line":22,"column":33}},"loc":{"start":{"line":23,"column":24},"end":{"line":25,"column":43}},"line":23},"5":{"name":"(anonymous_5)","decl":{"start":{"line":23,"column":51},"end":{"line":23,"column":52}},"loc":{"start":{"line":23,"column":57},"end":{"line":23,"column":105}},"line":23},"6":{"name":"(anonymous_6)","decl":{"start":{"line":27,"column":34},"end":{"line":27,"column":35}},"loc":{"start":{"line":27,"column":42},"end":{"line":27,"column":49}},"line":27}},"branchMap":{"0":{"loc":{"start":{"line":19,"column":13},"end":{"line":30,"column":63}},"type":"cond-expr","locations":[{"start":{"line":20,"column":16},"end":{"line":28,"column":18}},{"start":{"line":30,"column":16},"end":{"line":30,"column":63}}],"line":19}},"s":{"0":1,"1":2,"2":2,"3":2,"4":2,"5":2,"6":2,"7":2,"8":0,"9":1,"10":0,"11":1},"f":{"0":2,"1":2,"2":2,"3":0,"4":1,"5":0,"6":1},"b":{"0":[1,1]},"_coverageSchema":"1a1c01bbd47fc00a2c39e90264f33305004495a9","hash":"91c19791feb8788f859949416bb8a617dd1fd4b7"}
,"/Users/chris/Dev/Personal/MenuDemo/app/state/menuActions.js": {"path":"/Users/chris/Dev/Personal/MenuDemo/app/state/menuActions.js","statementMap":{"0":{"start":{"line":3,"column":27},"end":{"line":6,"column":2}},"1":{"start":{"line":3,"column":38},"end":{"line":6,"column":1}},"2":{"start":{"line":8,"column":30},"end":{"line":11,"column":2}},"3":{"start":{"line":8,"column":41},"end":{"line":11,"column":1}},"4":{"start":{"line":13,"column":30},"end":{"line":16,"column":2}},"5":{"start":{"line":13,"column":41},"end":{"line":16,"column":1}}},"fnMap":{"0":{"name":"(anonymous_0)","decl":{"start":{"line":3,"column":27},"end":{"line":3,"column":28}},"loc":{"start":{"line":3,"column":38},"end":{"line":6,"column":1}},"line":3},"1":{"name":"(anonymous_1)","decl":{"start":{"line":8,"column":30},"end":{"line":8,"column":31}},"loc":{"start":{"line":8,"column":41},"end":{"line":11,"column":1}},"line":8},"2":{"name":"(anonymous_2)","decl":{"start":{"line":13,"column":30},"end":{"line":13,"column":31}},"loc":{"start":{"line":13,"column":41},"end":{"line":16,"column":1}},"line":13}},"branchMap":{},"s":{"0":1,"1":0,"2":1,"3":0,"4":1,"5":0},"f":{"0":0,"1":0,"2":0},"b":{},"_coverageSchema":"1a1c01bbd47fc00a2c39e90264f33305004495a9","hash":"2a7bbd077ba9c14d29af60747a2c26360b622cc5"}
,"/Users/chris/Dev/Personal/MenuDemo/app/state/menuReducers.js": {"path":"/Users/chris/Dev/Personal/MenuDemo/app/state/menuReducers.js","statementMap":{"0":{"start":{"line":2,"column":18},"end":{"line":12,"column":1}},"1":{"start":{"line":14,"column":20},"end":{"line":37,"column":1}},"2":{"start":{"line":15,"column":4},"end":{"line":36,"column":5}},"3":{"start":{"line":17,"column":30},"end":{"line":17,"column":109}},"4":{"start":{"line":17,"column":55},"end":{"line":17,"column":108}},"5":{"start":{"line":18,"column":12},"end":{"line":21,"column":13}},"6":{"start":{"line":23,"column":33},"end":{"line":24,"column":13}},"7":{"start":{"line":23,"column":61},"end":{"line":23,"column":90}},"8":{"start":{"line":25,"column":12},"end":{"line":28,"column":13}},"9":{"start":{"line":30,"column":12},"end":{"line":33,"column":13}},"10":{"start":{"line":35,"column":12},"end":{"line":35,"column":24}}},"fnMap":{"0":{"name":"(anonymous_0)","decl":{"start":{"line":14,"column":20},"end":{"line":14,"column":21}},"loc":{"start":{"line":14,"column":51},"end":{"line":37,"column":1}},"line":14},"1":{"name":"(anonymous_1)","decl":{"start":{"line":17,"column":45},"end":{"line":17,"column":46}},"loc":{"start":{"line":17,"column":55},"end":{"line":17,"column":108}},"line":17},"2":{"name":"(anonymous_2)","decl":{"start":{"line":23,"column":51},"end":{"line":23,"column":52}},"loc":{"start":{"line":23,"column":61},"end":{"line":23,"column":90}},"line":23}},"branchMap":{"0":{"loc":{"start":{"line":14,"column":21},"end":{"line":14,"column":38}},"type":"default-arg","locations":[{"start":{"line":14,"column":29},"end":{"line":14,"column":38}}],"line":14},"1":{"loc":{"start":{"line":15,"column":4},"end":{"line":36,"column":5}},"type":"switch","locations":[{"start":{"line":16,"column":8},"end":{"line":21,"column":13}},{"start":{"line":22,"column":8},"end":{"line":28,"column":13}},{"start":{"line":29,"column":8},"end":{"line":33,"column":13}},{"start":{"line":34,"column":8},"end":{"line":35,"column":24}}],"line":15},"2":{"loc":{"start":{"line":17,"column":55},"end":{"line":17,"column":108}},"type":"cond-expr","locations":[{"start":{"line":17,"column":87},"end":{"line":17,"column":101}},{"start":{"line":17,"column":104},"end":{"line":17,"column":108}}],"line":17}},"s":{"0":1,"1":1,"2":3,"3":1,"4":1,"5":1,"6":1,"7":1,"8":1,"9":1,"10":0},"f":{"0":3,"1":1,"2":1},"b":{"0":[0],"1":[1,1,1,0],"2":[1,0]},"_coverageSchema":"1a1c01bbd47fc00a2c39e90264f33305004495a9","hash":"4809d7b17b420afd67091ae06de276c09efd10e9"}
,"/Users/chris/Dev/Personal/MenuDemo/app/state/menuTypes.js": {"path":"/Users/chris/Dev/Personal/MenuDemo/app/state/menuTypes.js","statementMap":{"0":{"start":{"line":1,"column":32},"end":{"line":1,"column":50}},"1":{"start":{"line":2,"column":32},"end":{"line":2,"column":50}},"2":{"start":{"line":3,"column":32},"end":{"line":3,"column":50}}},"fnMap":{},"branchMap":{},"s":{"0":2,"1":2,"2":2},"f":{},"b":{},"_coverageSchema":"1a1c01bbd47fc00a2c39e90264f33305004495a9","hash":"c80169e6dfb149cc3e5d47199054a098c057606d"}
}
