TN:
SF:app/components/menuItem.js
FN:5,(anonymous_0)
FNF:1
FNH:1
FNDA:1,(anonymous_0)
DA:5,1
DA:6,1
DA:7,1
DA:20,1
LF:4
LH:4
BRF:0
BRH:0
end_of_record
TN:
SF:app/screens/editMenuItem.js
FN:7,(anonymous_0)
FN:15,(anonymous_1)
FN:24,(anonymous_2)
FN:30,(anonymous_3)
FN:40,(anonymous_4)
FN:52,(anonymous_5)
FN:66,(anonymous_6)
FN:71,(anonymous_7)
FN:76,(anonymous_8)
FN:81,(anonymous_9)
FN:91,(anonymous_10)
FN:96,(anonymous_11)
FN:102,(anonymous_12)
FNF:13
FNH:2
FNDA:3,(anonymous_0)
FNDA:2,(anonymous_1)
FNDA:0,(anonymous_2)
FNDA:0,(anonymous_3)
FNDA:0,(anonymous_4)
FNDA:0,(anonymous_5)
FNDA:0,(anonymous_6)
FNDA:0,(anonymous_7)
FNDA:0,(anonymous_8)
FNDA:0,(anonymous_9)
FNDA:0,(anonymous_10)
FNDA:0,(anonymous_11)
FNDA:0,(anonymous_12)
DA:7,1
DA:8,3
DA:9,3
DA:10,3
DA:11,3
DA:12,3
DA:14,3
DA:15,3
DA:16,2
DA:17,1
DA:18,1
DA:19,1
DA:20,1
DA:24,3
DA:25,0
DA:31,0
DA:32,0
DA:40,3
DA:41,0
DA:48,0
DA:49,0
DA:52,3
DA:53,0
DA:61,0
DA:62,0
DA:66,3
DA:67,0
DA:71,0
DA:72,0
DA:73,0
DA:76,0
DA:79,3
DA:81,0
DA:91,0
DA:96,0
DA:102,0
DA:110,1
LF:37
LH:19
BRDA:16,0,0,1
BRDA:16,0,1,1
BRDA:72,1,0,0
BRDA:72,1,1,0
BRDA:87,2,0,2
BRDA:87,2,1,1
BRF:6
BRH:4
end_of_record
TN:
SF:app/screens/existingMenu.js
FN:8,(anonymous_0)
FN:10,(anonymous_1)
FN:11,(anonymous_2)
FN:16,(anonymous_3)
FN:22,(anonymous_4)
FN:23,(anonymous_5)
FN:27,(anonymous_6)
FNF:7
FNH:5
FNDA:2,(anonymous_0)
FNDA:2,(anonymous_1)
FNDA:2,(anonymous_2)
FNDA:0,(anonymous_3)
FNDA:1,(anonymous_4)
FNDA:0,(anonymous_5)
FNDA:1,(anonymous_6)
DA:8,1
DA:9,2
DA:10,2
DA:11,2
DA:12,2
DA:13,2
DA:16,0
DA:23,1
DA:27,1
LF:9
LH:8
BRDA:19,0,0,1
BRDA:19,0,1,1
BRF:2
BRH:2
end_of_record
TN:
SF:app/state/menuActions.js
FN:3,(anonymous_0)
FN:8,(anonymous_1)
FN:13,(anonymous_2)
FNF:3
FNH:0
FNDA:0,(anonymous_0)
FNDA:0,(anonymous_1)
FNDA:0,(anonymous_2)
DA:3,1
DA:8,1
DA:13,1
LF:3
LH:3
BRF:0
BRH:0
end_of_record
TN:
SF:app/state/menuReducers.js
FN:14,(anonymous_0)
FN:17,(anonymous_1)
FN:23,(anonymous_2)
FNF:3
FNH:3
FNDA:4,(anonymous_0)
FNDA:1,(anonymous_1)
FNDA:1,(anonymous_2)
DA:2,1
DA:14,1
DA:15,4
DA:17,1
DA:18,1
DA:23,1
DA:25,1
DA:30,1
DA:35,1
LF:9
LH:9
BRDA:14,0,0,0
BRDA:15,1,0,1
BRDA:15,1,1,1
BRDA:15,1,2,1
BRDA:15,1,3,1
BRDA:17,2,0,1
BRDA:17,2,1,0
BRF:7
BRH:5
end_of_record
TN:
SF:app/state/menuTypes.js
FNF:0
FNH:0
DA:1,2
DA:2,2
DA:3,2
LF:3
LH:3
BRF:0
BRH:0
end_of_record
